<?xml version="1.0" encoding="UTF-8"?>
<testsuite xmlns:xsi="http://www.w3.org/2001/XMLSchema-instance" xsi:noNamespaceSchemaLocation="https://maven.apache.org/surefire/maven-failsafe-plugin/xsd/failsafe-test-report-3.0.xsd" version="3.0" name="testRunners.MyTestRunner" time="48.195" tests="5" errors="0" skipped="0" failures="0">
  <properties>
[...]
</properties>
  <testcase name="Accounts page title" classname="Account Page Feature" time="9.455">
    <system-out><![CDATA[
Scenario: Accounts page title                       # src/test/resources/appFeatures/AccountsPage.feature:9
Browser selected for execution :: chrome
Login with username:: dec2020secondbatch@gmail.com and password :: Selenium@12345
  Given user has already logged in to application   # stepDefinitions.AccountPageSteps.user_has_already_logged_in_to_application(io.cucumber.datatable.DataTable)
Page title is : My account - My Store
  Given user is on Accounts page                    # stepDefinitions.AccountPageSteps.user_is_on_accounts_page()
My login page title is: My account - My Store
  When user gets the title of the page              # stepDefinitions.LoginPageSteps.user_gets_the_title_of_the_page()
  Then page title should be "My account - My Store" # stepDefinitions.LoginPageSteps.page_title_should_be(java.lang.String)
]]></system-out>
    <system-err><![CDATA[SLF4J: Failed to load class "org.slf4j.impl.StaticLoggerBinder".
SLF4J: Defaulting to no-operation (NOP) logger implementation
SLF4J: See http://www.slf4j.org/codes.html#StaticLoggerBinder for further details.
Starting ChromeDriver 90.0.4430.24 (4c6d850f087da467d926e8eddb76550aed655991-refs/branch-heads/4430@{#429}) on port 45481
Only local connections are allowed.
Please see https://chromedriver.chromium.org/security-considerations for suggestions on keeping ChromeDriver safe.
ChromeDriver was started successfully.
Apr 25, 2021 5:31:05 PM org.openqa.selenium.remote.ProtocolHandshake createSession
INFO: Detected dialect: W3C
]]></system-err>
  </testcase>
  <testcase name="Accounts section count" classname="Account Page Feature" time="8.975">
    <system-out><![CDATA[
@Smoke
Scenario: Accounts section count                  # src/test/resources/appFeatures/AccountsPage.feature:15
Browser selected for execution :: chrome
Login with username:: dec2020secondbatch@gmail.com and password :: Selenium@12345
  Given user has already logged in to application # stepDefinitions.AccountPageSteps.user_has_already_logged_in_to_application(io.cucumber.datatable.DataTable)
Page title is : My account - My Store
  Given user is on Accounts page                  # stepDefinitions.AccountPageSteps.user_is_on_accounts_page()
expectedAccountList : [ORDER HISTORY AND DETAILS, MY CREDIT SLIPS, MY ADDRESSES, MY PERSONAL INFORMATION, MY WISHLISTS, Home]
ORDER HISTORY AND DETAILS
MY CREDIT SLIPS
MY ADDRESSES
MY PERSONAL INFORMATION
MY WISHLISTS
Home
actualdAccountList : [ORDER HISTORY AND DETAILS, MY CREDIT SLIPS, MY ADDRESSES, MY PERSONAL INFORMATION, MY WISHLISTS, Home]
  Then user gets accounts section                 # stepDefinitions.AccountPageSteps.user_gets_accounts_section(io.cucumber.datatable.DataTable)
  And accounts section count should be 6          # stepDefinitions.AccountPageSteps.accounts_section_count_should_be(java.lang.Integer)
]]></system-out>
    <system-err><![CDATA[Starting ChromeDriver 90.0.4430.24 (4c6d850f087da467d926e8eddb76550aed655991-refs/branch-heads/4430@{#429}) on port 19806
Only local connections are allowed.
Please see https://chromedriver.chromium.org/security-considerations for suggestions on keeping ChromeDriver safe.
ChromeDriver was started successfully.
Apr 25, 2021 5:31:13 PM org.openqa.selenium.remote.ProtocolHandshake createSession
INFO: Detected dialect: W3C
]]></system-err>
  </testcase>
  <testcase name="Login page title" classname="Login page feature" time="5.734">
    <system-out><![CDATA[
Scenario: Login page title                     # src/test/resources/appFeatures/LoginPage.feature:3
Browser selected for execution :: chrome
  Given user is on login page                  # stepDefinitions.LoginPageSteps.user_is_on_login_page()
My login page title is: Login - My Store
  When user gets the title of the page         # stepDefinitions.LoginPageSteps.user_gets_the_title_of_the_page()
  Then page title should be "Login - My Store" # stepDefinitions.LoginPageSteps.page_title_should_be(java.lang.String)
]]></system-out>
    <system-err><![CDATA[Starting ChromeDriver 90.0.4430.24 (4c6d850f087da467d926e8eddb76550aed655991-refs/branch-heads/4430@{#429}) on port 41806
Only local connections are allowed.
Please see https://chromedriver.chromium.org/security-considerations for suggestions on keeping ChromeDriver safe.
ChromeDriver was started successfully.
Apr 25, 2021 5:31:22 PM org.openqa.selenium.remote.ProtocolHandshake createSession
INFO: Detected dialect: W3C
]]></system-err>
  </testcase>
  <testcase name="Forgot Password Link" classname="Login page feature" time="6.695">
    <system-out><![CDATA[
Scenario: Forgot Password Link                       # src/test/resources/appFeatures/LoginPage.feature:8
Browser selected for execution :: chrome
  Given user is on login page                        # stepDefinitions.LoginPageSteps.user_is_on_login_page()
  Then forgot your password link should be displayed # stepDefinitions.LoginPageSteps.forgot_your_password_link_should_be_displayed()
]]></system-out>
    <system-err><![CDATA[Starting ChromeDriver 90.0.4430.24 (4c6d850f087da467d926e8eddb76550aed655991-refs/branch-heads/4430@{#429}) on port 5506
Only local connections are allowed.
Please see https://chromedriver.chromium.org/security-considerations for suggestions on keeping ChromeDriver safe.
ChromeDriver was started successfully.
Apr 25, 2021 5:31:28 PM org.openqa.selenium.remote.ProtocolHandshake createSession
INFO: Detected dialect: W3C
]]></system-err>
  </testcase>
  <testcase name="Login with correct credentials" classname="Login page feature" time="9.296">
    <system-out><![CDATA[
Scenario: Login with correct credentials                   # src/test/resources/appFeatures/LoginPage.feature:13
Browser selected for execution :: chrome
  Given user is on login page                              # stepDefinitions.LoginPageSteps.user_is_on_login_page()
  When user enters username "dec2020secondbatch@gmail.com" # stepDefinitions.LoginPageSteps.user_enters_username(java.lang.String)
  And user enters password "Selenium@12345"                # stepDefinitions.LoginPageSteps.user_enters_password(java.lang.String)
  And user clicks on Login button                          # stepDefinitions.LoginPageSteps.user_clicks_on_login_button()
My login page title is: My account - My Store
  Then user gets the title of the page                     # stepDefinitions.LoginPageSteps.user_gets_the_title_of_the_page()
  And page title should be "My account - My Store"         # stepDefinitions.LoginPageSteps.page_title_should_be(java.lang.String)
]]></system-out>
    <system-err><![CDATA[Starting ChromeDriver 90.0.4430.24 (4c6d850f087da467d926e8eddb76550aed655991-refs/branch-heads/4430@{#429}) on port 27867
Only local connections are allowed.
Please see https://chromedriver.chromium.org/security-considerations for suggestions on keeping ChromeDriver safe.
ChromeDriver was started successfully.
Apr 25, 2021 5:31:35 PM org.openqa.selenium.remote.ProtocolHandshake createSession
INFO: Detected dialect: W3C
]]></system-err>
  </testcase>
</testsuite>